::1 - - [28/Aug/2015:15:01:50 +0100] "GET / HTTP/1.1" 304 -
::1 - - [28/Aug/2015:15:01:50 +0100] "GET /favicon.ico HTTP/1.1" 404 209
::1 - - [28/Aug/2015:15:26:03 +0100] "GET / HTTP/1.1" 200 46
::1 - - [28/Aug/2015:15:26:05 +0100] "GET / HTTP/1.1" 304 -
::1 - - [28/Aug/2015:15:27:29 +0100] "GET / HTTP/1.1" 304 -
::1 - - [28/Aug/2015:15:27:31 +0100] "GET / HTTP/1.1" 304 -
::1 - - [28/Aug/2015:15:27:31 +0100] "GET / HTTP/1.1" 304 -
::1 - - [28/Aug/2015:15:27:32 +0100] "GET / HTTP/1.1" 304 -
::1 - - [28/Aug/2015:15:34:53 +0100] "GET / HTTP/1.1" 304 -
::1 - - [28/Aug/2015:15:34:55 +0100] "GET / HTTP/1.1" 304 -
192.168.1.165 - - [28/Aug/2015:15:38:20 +0100] "GET / HTTP/1.1" 200 46
192.168.1.165 - - [28/Aug/2015:15:38:21 +0100] "GET /favicon.ico HTTP/1.1" 404 209
::1 - - [28/Aug/2015:15:42:40 +0100] "GET / HTTP/1.1" 500 530
::1 - - [28/Aug/2015:15:42:42 +0100] "GET / HTTP/1.1" 500 530
::1 - - [28/Aug/2015:15:45:31 +0100] "GET / HTTP/1.1" 200 46
::1 - - [28/Aug/2015:15:45:39 +0100] "GET / HTTP/1.1" 500 530
::1 - - [28/Aug/2015:15:51:08 +0100] "GET / HTTP/1.1" 200 46
::1 - - [28/Aug/2015:15:51:20 +0100] "GET / HTTP/1.1" 304 -
::1 - - [28/Aug/2015:15:51:25 +0100] "GET / HTTP/1.1" 304 -
::1 - - [28/Aug/2015:15:51:26 +0100] "GET / HTTP/1.1" 304 -
::1 - - [28/Aug/2015:15:51:42 +0100] "GET / HTTP/1.1" 304 -
::1 - - [28/Aug/2015:15:53:11 +0100] "GET / HTTP/1.1" 304 -
::1 - - [28/Aug/2015:15:53:17 +0100] "GET / HTTP/1.1" 304 -
::1 - - [28/Aug/2015:15:53:18 +0100] "GET / HTTP/1.1" 304 -
::1 - - [28/Aug/2015:15:53:31 +0100] "GET / HTTP/1.1" 304 -
::1 - - [28/Aug/2015:15:53:38 +0100] "GET / HTTP/1.1" 304 -
::1 - - [28/Aug/2015:15:53:52 +0100] "GET / HTTP/1.1" 304 -
::1 - - [28/Aug/2015:15:54:33 +0100] "GET / HTTP/1.1" 304 -
::1 - - [28/Aug/2015:15:58:56 +0100] "GET / HTTP/1.1" 304 -
